0 info it worked if it ends with ok
1 verbose cli [ 'f:\\Program Files\\nodejs\\node.exe',
1 verbose cli   'f:\\Program Files\\nodejs\\node_modules\\npm\\bin\\npm-cli.js',
1 verbose cli   'start' ]
2 info using npm@3.5.4
3 info using node@v5.4.0
4 verbose run-script [ 'prestart', 'start', 'poststart' ]
5 info lifecycle icebug@0.0.1~prestart: icebug@0.0.1
6 silly lifecycle icebug@0.0.1~prestart: no script for prestart, continuing
7 info lifecycle icebug@0.0.1~start: icebug@0.0.1
8 verbose lifecycle icebug@0.0.1~start: unsafe-perm in lifecycle true
9 verbose lifecycle icebug@0.0.1~start: PATH: f:\Program Files\nodejs\node_modules\npm\bin\node-gyp-bin;d:\Projects\icebug\node_modules\.bin;c:\Users\Jeff\bin;.;C:\Program Files (x86)\Git\local\bin;C:\Program Files (x86)\Git\mingw\bin;C:\Program Files (x86)\Git\bin;c:\Program Files\ConEmu;c:\Program Files\ConEmu\ConEmu;e:\Program Files (x86)\Python 2.7\;e:\Program Files (x86)\Python 2.7\Scripts;c:\ProgramData\Oracle\Java\javapath;c:\Windows\system32;c:\Windows;c:\Windows\System32\Wbem;c:\Windows\System32\WindowsPowerShell\v1.0\;c:\Program Files (x86)\Windows Kits\8.1\Windows Performance Toolkit\;c:\Program Files\Microsoft SQL Server\110\Tools\Binn\;c:\Program Files (x86)\Microsoft SDKs\TypeScript\1.0\;c:\Program Files (x86)\GitExtensions\;c:\Program Files\Microsoft SQL Server\120\Tools\Binn\;c:\Program Files (x86)\Microsoft SQL Server\110\Tools\Binn\;c:\Program Files\Microsoft SQL Server\110\DTS\Binn\;c:\Program Files (x86)\Microsoft SQL Server\110\Tools\Binn\ManagementStudio\;c:\Program Files (x86)\Microsoft SQL Server\110\DTS\Binn\;c:\Program Files\Microsoft\Web Platform Installer\;C:\Program Files (x86)\Git\bin\;e:\Utilities\;c:\Program Files (x86)\NVIDIA Corporation\PhysX\Common;c:\Program Files (x86)\Windows Kits\10\Windows Performance Toolkit\;c:\Program Files\Common Files\Autodesk Shared\;c:\WINDOWS\system32;c:\WINDOWS;c:\WINDOWS\System32\Wbem;c:\WINDOWS\System32\WindowsPowerShell\v1.0\;c:\Program Files (x86)\Microsoft SDKs\Azure\AzCopy;c:\Program Files (x86)\Skype\Phone\;f:\Program Files\nodejs\;c:\Program Files\MongoDB\Server\3.2\bin;c:\Windows\Microsoft.NET\Framework\v4.0.30319;c:\Users\Jeff\AppData\Local\Programs\Python\Python35;c:\Users\Jeff\AppData\Roaming\npm;c:\Program Files\Sublime Text 3
10 verbose lifecycle icebug@0.0.1~start: CWD: d:\Projects\icebug
11 silly lifecycle icebug@0.0.1~start: Args: [ '/d /s /c', 'node ./lib/icebug.js' ]
12 silly lifecycle icebug@0.0.1~start: Returned: code: 1  signal: null
13 info lifecycle icebug@0.0.1~start: Failed to exec start script
14 verbose stack Error: icebug@0.0.1 start: `node ./lib/icebug.js`
14 verbose stack Exit status 1
14 verbose stack     at EventEmitter.<anonymous> (f:\Program Files\nodejs\node_modules\npm\lib\utils\lifecycle.js:232:16)
14 verbose stack     at emitTwo (events.js:87:13)
14 verbose stack     at EventEmitter.emit (events.js:172:7)
14 verbose stack     at ChildProcess.<anonymous> (f:\Program Files\nodejs\node_modules\npm\lib\utils\spawn.js:24:14)
14 verbose stack     at emitTwo (events.js:87:13)
14 verbose stack     at ChildProcess.emit (events.js:172:7)
14 verbose stack     at maybeClose (internal/child_process.js:821:16)
14 verbose stack     at Process.ChildProcess._handle.onexit (internal/child_process.js:211:5)
15 verbose pkgid icebug@0.0.1
16 verbose cwd d:\Projects\icebug
17 error Windows_NT 10.0.10586
18 error argv "f:\\Program Files\\nodejs\\node.exe" "f:\\Program Files\\nodejs\\node_modules\\npm\\bin\\npm-cli.js" "start"
19 error node v5.4.0
20 error npm  v3.5.4
21 error code ELIFECYCLE
22 error icebug@0.0.1 start: `node ./lib/icebug.js`
22 error Exit status 1
23 error Failed at the icebug@0.0.1 start script 'node ./lib/icebug.js'.
23 error Make sure you have the latest version of node.js and npm installed.
23 error If you do, this is most likely a problem with the icebug package,
23 error not with npm itself.
23 error Tell the author that this fails on your system:
23 error     node ./lib/icebug.js
23 error You can get information on how to open an issue for this project with:
23 error     npm bugs icebug
23 error Or if that isn't available, you can get their info via:
23 error     npm owner ls icebug
23 error There is likely additional logging output above.
24 verbose exit [ 1, true ]
